{"D:\\javascript\\react\\orders\\src\\app\\App.js": {"path":"D:\\javascript\\react\\orders\\src\\app\\App.js","statementMap":{"0":{"start":{"line":7,"column":2},"end":{"line":13,"column":4}}},"fnMap":{"0":{"name":"App","decl":{"start":{"line":6,"column":9},"end":{"line":6,"column":12}},"loc":{"start":{"line":6,"column":15},"end":{"line":14,"column":1}},"line":6}},"branchMap":{},"s":{"0":0},"f":{"0":0},"b":{},"_coverageSchema":"1a1c01bbd47fc00a2c39e90264f33305004495a9","hash":"5f3256614e65749a960fcbf8f635e7e7d3c82cea"}
,"D:\\javascript\\react\\orders\\src\\app\\core\\config\\axios\\axios.js": {"path":"D:\\javascript\\react\\orders\\src\\app\\core\\config\\axios\\axios.js","statementMap":{"0":{"start":{"line":3,"column":14},"end":{"line":5,"column":2}}},"fnMap":{},"branchMap":{},"s":{"0":9},"f":{},"b":{},"_coverageSchema":"1a1c01bbd47fc00a2c39e90264f33305004495a9","hash":"e1611a023bfaa96882aa08a4a74cfe0ff7a42138"}
,"D:\\javascript\\react\\orders\\src\\app\\core\\redux\\cart\\actions\\cartActions.js": {"path":"D:\\javascript\\react\\orders\\src\\app\\core\\redux\\cart\\actions\\cartActions.js","statementMap":{"0":{"start":{"line":13,"column":25},"end":{"line":22,"column":1}},"1":{"start":{"line":13,"column":38},"end":{"line":22,"column":1}},"2":{"start":{"line":14,"column":2},"end":{"line":21,"column":20}},"3":{"start":{"line":15,"column":4},"end":{"line":15,"column":25}},"4":{"start":{"line":16,"column":4},"end":{"line":16,"column":22}},"5":{"start":{"line":17,"column":4},"end":{"line":20,"column":7}},"6":{"start":{"line":24,"column":30},"end":{"line":40,"column":1}},"7":{"start":{"line":24,"column":54},"end":{"line":40,"column":1}},"8":{"start":{"line":25,"column":2},"end":{"line":39,"column":20}},"9":{"start":{"line":26,"column":22},"end":{"line":26,"column":44}},"10":{"start":{"line":27,"column":20},"end":{"line":27,"column":30}},"11":{"start":{"line":29,"column":20},"end":{"line":33,"column":5}},"12":{"start":{"line":31,"column":8},"end":{"line":32,"column":63}},"13":{"start":{"line":35,"column":4},"end":{"line":38,"column":7}},"14":{"start":{"line":42,"column":26},"end":{"line":54,"column":1}},"15":{"start":{"line":42,"column":45},"end":{"line":54,"column":1}},"16":{"start":{"line":43,"column":2},"end":{"line":53,"column":20}},"17":{"start":{"line":44,"column":22},"end":{"line":44,"column":44}},"18":{"start":{"line":45,"column":18},"end":{"line":45,"column":28}},"19":{"start":{"line":46,"column":20},"end":{"line":48,"column":5}},"20":{"start":{"line":47,"column":13},"end":{"line":47,"column":59}},"21":{"start":{"line":49,"column":4},"end":{"line":52,"column":7}},"22":{"start":{"line":56,"column":34},"end":{"line":63,"column":1}},"23":{"start":{"line":56,"column":47},"end":{"line":63,"column":1}},"24":{"start":{"line":57,"column":2},"end":{"line":62,"column":20}},"25":{"start":{"line":58,"column":4},"end":{"line":61,"column":7}},"26":{"start":{"line":65,"column":25},"end":{"line":100,"column":1}},"27":{"start":{"line":65,"column":31},"end":{"line":100,"column":1}},"28":{"start":{"line":66,"column":2},"end":{"line":99,"column":3}},"29":{"start":{"line":67,"column":22},"end":{"line":67,"column":44}},"30":{"start":{"line":69,"column":4},"end":{"line":71,"column":7}},"31":{"start":{"line":73,"column":18},"end":{"line":77,"column":7}},"32":{"start":{"line":73,"column":39},"end":{"line":77,"column":5}},"33":{"start":{"line":78,"column":4},"end":{"line":78,"column":27}},"34":{"start":{"line":79,"column":21},"end":{"line":82,"column":5}},"35":{"start":{"line":83,"column":4},"end":{"line":83,"column":27}},"36":{"start":{"line":84,"column":4},"end":{"line":93,"column":5}},"37":{"start":{"line":85,"column":6},"end":{"line":87,"column":9}},"38":{"start":{"line":89,"column":6},"end":{"line":92,"column":9}},"39":{"start":{"line":95,"column":4},"end":{"line":98,"column":7}},"40":{"start":{"line":102,"column":24},"end":{"line":108,"column":1}},"41":{"start":{"line":102,"column":30},"end":{"line":108,"column":1}},"42":{"start":{"line":103,"column":2},"end":{"line":107,"column":20}},"43":{"start":{"line":104,"column":4},"end":{"line":106,"column":7}}},"fnMap":{"0":{"name":"(anonymous_0)","decl":{"start":{"line":13,"column":25},"end":{"line":13,"column":26}},"loc":{"start":{"line":13,"column":38},"end":{"line":22,"column":1}},"line":13},"1":{"name":"(anonymous_1)","decl":{"start":{"line":13,"column":38},"end":{"line":13,"column":39}},"loc":{"start":{"line":13,"column":62},"end":{"line":22,"column":1}},"line":13},"2":{"name":"(anonymous_2)","decl":{"start":{"line":24,"column":30},"end":{"line":24,"column":31}},"loc":{"start":{"line":24,"column":54},"end":{"line":40,"column":1}},"line":24},"3":{"name":"(anonymous_3)","decl":{"start":{"line":24,"column":54},"end":{"line":24,"column":55}},"loc":{"start":{"line":24,"column":78},"end":{"line":40,"column":1}},"line":24},"4":{"name":"(anonymous_4)","decl":{"start":{"line":30,"column":6},"end":{"line":30,"column":7}},"loc":{"start":{"line":31,"column":8},"end":{"line":32,"column":63}},"line":31},"5":{"name":"(anonymous_5)","decl":{"start":{"line":42,"column":26},"end":{"line":42,"column":27}},"loc":{"start":{"line":42,"column":45},"end":{"line":54,"column":1}},"line":42},"6":{"name":"(anonymous_6)","decl":{"start":{"line":42,"column":45},"end":{"line":42,"column":46}},"loc":{"start":{"line":42,"column":69},"end":{"line":54,"column":1}},"line":42},"7":{"name":"(anonymous_7)","decl":{"start":{"line":47,"column":6},"end":{"line":47,"column":7}},"loc":{"start":{"line":47,"column":13},"end":{"line":47,"column":59}},"line":47},"8":{"name":"(anonymous_8)","decl":{"start":{"line":56,"column":34},"end":{"line":56,"column":35}},"loc":{"start":{"line":56,"column":47},"end":{"line":63,"column":1}},"line":56},"9":{"name":"(anonymous_9)","decl":{"start":{"line":56,"column":47},"end":{"line":56,"column":48}},"loc":{"start":{"line":56,"column":61},"end":{"line":63,"column":1}},"line":56},"10":{"name":"(anonymous_10)","decl":{"start":{"line":65,"column":25},"end":{"line":65,"column":26}},"loc":{"start":{"line":65,"column":31},"end":{"line":100,"column":1}},"line":65},"11":{"name":"(anonymous_11)","decl":{"start":{"line":65,"column":31},"end":{"line":65,"column":32}},"loc":{"start":{"line":65,"column":61},"end":{"line":100,"column":1}},"line":65},"12":{"name":"(anonymous_12)","decl":{"start":{"line":73,"column":28},"end":{"line":73,"column":29}},"loc":{"start":{"line":73,"column":39},"end":{"line":77,"column":5}},"line":73},"13":{"name":"(anonymous_13)","decl":{"start":{"line":102,"column":24},"end":{"line":102,"column":25}},"loc":{"start":{"line":102,"column":30},"end":{"line":108,"column":1}},"line":102},"14":{"name":"(anonymous_14)","decl":{"start":{"line":102,"column":30},"end":{"line":102,"column":31}},"loc":{"start":{"line":102,"column":44},"end":{"line":108,"column":1}},"line":102}},"branchMap":{"0":{"loc":{"start":{"line":31,"column":8},"end":{"line":32,"column":63}},"type":"binary-expr","locations":[{"start":{"line":31,"column":8},"end":{"line":31,"column":27}},{"start":{"line":32,"column":9},"end":{"line":32,"column":62}}],"line":31},"1":{"loc":{"start":{"line":47,"column":13},"end":{"line":47,"column":59}},"type":"binary-expr","locations":[{"start":{"line":47,"column":13},"end":{"line":47,"column":32}},{"start":{"line":47,"column":37},"end":{"line":47,"column":58}}],"line":47},"2":{"loc":{"start":{"line":84,"column":4},"end":{"line":93,"column":5}},"type":"if","locations":[{"start":{"line":84,"column":4},"end":{"line":93,"column":5}},{"start":{"line":84,"column":4},"end":{"line":93,"column":5}}],"line":84}},"s":{"0":8,"1":3,"2":3,"3":3,"4":3,"5":3,"6":8,"7":2,"8":2,"9":2,"10":0,"11":0,"12":0,"13":0,"14":8,"15":1,"16":1,"17":1,"18":0,"19":0,"20":0,"21":0,"22":8,"23":2,"24":2,"25":2,"26":8,"27":0,"28":0,"29":0,"30":0,"31":0,"32":0,"33":0,"34":0,"35":0,"36":0,"37":0,"38":0,"39":0,"40":8,"41":0,"42":0,"43":0},"f":{"0":3,"1":3,"2":2,"3":2,"4":0,"5":1,"6":1,"7":0,"8":2,"9":2,"10":0,"11":0,"12":0,"13":0,"14":0},"b":{"0":[0,0],"1":[0,0],"2":[0,0]},"_coverageSchema":"1a1c01bbd47fc00a2c39e90264f33305004495a9","hash":"42dfb91ca3ff30e576fa99fc1ec4e3acfd8a5ae3"}
,"D:\\javascript\\react\\orders\\src\\app\\core\\redux\\cart\\reducers\\cartReducer.js": {"path":"D:\\javascript\\react\\orders\\src\\app\\core\\redux\\cart\\reducers\\cartReducer.js","statementMap":{"0":{"start":{"line":12,"column":22},"end":{"line":18,"column":1}},"1":{"start":{"line":22,"column":2},"end":{"line":72,"column":3}},"2":{"start":{"line":24,"column":6},"end":{"line":27,"column":8}},"3":{"start":{"line":26,"column":47},"end":{"line":26,"column":76}},"4":{"start":{"line":29,"column":6},"end":{"line":32,"column":8}},"5":{"start":{"line":36,"column":6},"end":{"line":39,"column":8}},"6":{"start":{"line":42,"column":6},"end":{"line":45,"column":8}},"7":{"start":{"line":47,"column":6},"end":{"line":52,"column":8}},"8":{"start":{"line":55,"column":6},"end":{"line":62,"column":8}},"9":{"start":{"line":64,"column":6},"end":{"line":68,"column":8}},"10":{"start":{"line":71,"column":6},"end":{"line":71,"column":19}}},"fnMap":{"0":{"name":"(anonymous_0)","decl":{"start":{"line":21,"column":15},"end":{"line":21,"column":16}},"loc":{"start":{"line":21,"column":50},"end":{"line":73,"column":1}},"line":21},"1":{"name":"(anonymous_1)","decl":{"start":{"line":26,"column":34},"end":{"line":26,"column":35}},"loc":{"start":{"line":26,"column":47},"end":{"line":26,"column":76}},"line":26}},"branchMap":{"0":{"loc":{"start":{"line":21,"column":16},"end":{"line":21,"column":37}},"type":"default-arg","locations":[{"start":{"line":21,"column":24},"end":{"line":21,"column":37}}],"line":21},"1":{"loc":{"start":{"line":22,"column":2},"end":{"line":72,"column":3}},"type":"switch","locations":[{"start":{"line":23,"column":4},"end":{"line":27,"column":8}},{"start":{"line":28,"column":4},"end":{"line":32,"column":8}},{"start":{"line":34,"column":4},"end":{"line":34,"column":26}},{"start":{"line":35,"column":4},"end":{"line":39,"column":8}},{"start":{"line":41,"column":4},"end":{"line":45,"column":8}},{"start":{"line":46,"column":4},"end":{"line":52,"column":8}},{"start":{"line":54,"column":4},"end":{"line":62,"column":8}},{"start":{"line":63,"column":4},"end":{"line":68,"column":8}},{"start":{"line":70,"column":4},"end":{"line":71,"column":19}}],"line":22}},"s":{"0":11,"1":32,"2":0,"3":0,"4":1,"5":0,"6":0,"7":0,"8":0,"9":0,"10":31},"f":{"0":32,"1":0},"b":{"0":[30],"1":[0,1,0,0,0,0,0,0,31]},"_coverageSchema":"1a1c01bbd47fc00a2c39e90264f33305004495a9","hash":"8bbe7e63268dc1d36e341fcea4abf2e19bee53bf"}
,"D:\\javascript\\react\\orders\\src\\app\\core\\redux\\product\\actions\\productActions.js": {"path":"D:\\javascript\\react\\orders\\src\\app\\core\\redux\\product\\actions\\productActions.js","statementMap":{"0":{"start":{"line":4,"column":27},"end":{"line":22,"column":1}},"1":{"start":{"line":4,"column":33},"end":{"line":22,"column":1}},"2":{"start":{"line":5,"column":2},"end":{"line":7,"column":5}},"3":{"start":{"line":8,"column":2},"end":{"line":21,"column":3}},"4":{"start":{"line":9,"column":21},"end":{"line":11,"column":5}},"5":{"start":{"line":12,"column":4},"end":{"line":15,"column":7}},"6":{"start":{"line":17,"column":4},"end":{"line":20,"column":7}}},"fnMap":{"0":{"name":"(anonymous_0)","decl":{"start":{"line":4,"column":27},"end":{"line":4,"column":28}},"loc":{"start":{"line":4,"column":33},"end":{"line":22,"column":1}},"line":4},"1":{"name":"(anonymous_1)","decl":{"start":{"line":4,"column":33},"end":{"line":4,"column":34}},"loc":{"start":{"line":4,"column":53},"end":{"line":22,"column":1}},"line":4}},"branchMap":{},"s":{"0":4,"1":1,"2":1,"3":1,"4":1,"5":0,"6":0},"f":{"0":1,"1":1},"b":{},"_coverageSchema":"1a1c01bbd47fc00a2c39e90264f33305004495a9","hash":"234c8571b874fa6a83da584697bde3dd43f1fa5c"}
,"D:\\javascript\\react\\orders\\src\\app\\core\\redux\\product\\reducers\\productReducer.js": {"path":"D:\\javascript\\react\\orders\\src\\app\\core\\redux\\product\\reducers\\productReducer.js","statementMap":{"0":{"start":{"line":3,"column":22},"end":{"line":7,"column":1}},"1":{"start":{"line":11,"column":2},"end":{"line":33,"column":3}},"2":{"start":{"line":13,"column":6},"end":{"line":18,"column":8}},"3":{"start":{"line":20,"column":6},"end":{"line":23,"column":8}},"4":{"start":{"line":25,"column":6},"end":{"line":29,"column":8}},"5":{"start":{"line":32,"column":6},"end":{"line":32,"column":19}}},"fnMap":{"0":{"name":"(anonymous_0)","decl":{"start":{"line":10,"column":15},"end":{"line":10,"column":16}},"loc":{"start":{"line":10,"column":50},"end":{"line":34,"column":1}},"line":10}},"branchMap":{"0":{"loc":{"start":{"line":10,"column":16},"end":{"line":10,"column":37}},"type":"default-arg","locations":[{"start":{"line":10,"column":24},"end":{"line":10,"column":37}}],"line":10},"1":{"loc":{"start":{"line":11,"column":2},"end":{"line":33,"column":3}},"type":"switch","locations":[{"start":{"line":12,"column":4},"end":{"line":18,"column":8}},{"start":{"line":19,"column":4},"end":{"line":23,"column":8}},{"start":{"line":24,"column":4},"end":{"line":29,"column":8}},{"start":{"line":31,"column":4},"end":{"line":32,"column":19}}],"line":11}},"s":{"0":10,"1":30,"2":0,"3":0,"4":0,"5":30},"f":{"0":30},"b":{"0":[30],"1":[0,0,0,30]},"_coverageSchema":"1a1c01bbd47fc00a2c39e90264f33305004495a9","hash":"1d4daa4cd0dbef2af4d1c5bc4d60ed545aadab3f"}
,"D:\\javascript\\react\\orders\\src\\app\\feature\\components\\Cart\\Cart.js": {"path":"D:\\javascript\\react\\orders\\src\\app\\feature\\components\\Cart\\Cart.js","statementMap":{"0":{"start":{"line":7,"column":39},"end":{"line":7,"column":50}},"1":{"start":{"line":10,"column":15},"end":{"line":21,"column":3}},"2":{"start":{"line":11,"column":4},"end":{"line":11,"column":41}},"3":{"start":{"line":12,"column":4},"end":{"line":18,"column":5}},"4":{"start":{"line":13,"column":6},"end":{"line":17,"column":8}},"5":{"start":{"line":20,"column":4},"end":{"line":20,"column":26}},"6":{"start":{"line":24,"column":4},"end":{"line":48,"column":6}},"7":{"start":{"line":52,"column":24},"end":{"line":52,"column":56}},"8":{"start":{"line":52,"column":45},"end":{"line":52,"column":56}},"9":{"start":{"line":54,"column":27},"end":{"line":57,"column":1}}},"fnMap":{"0":{"name":"(anonymous_0)","decl":{"start":{"line":10,"column":15},"end":{"line":10,"column":16}},"loc":{"start":{"line":10,"column":21},"end":{"line":21,"column":3}},"line":10},"1":{"name":"(anonymous_1)","decl":{"start":{"line":23,"column":2},"end":{"line":23,"column":3}},"loc":{"start":{"line":23,"column":11},"end":{"line":49,"column":3}},"line":23},"2":{"name":"(anonymous_2)","decl":{"start":{"line":52,"column":24},"end":{"line":52,"column":25}},"loc":{"start":{"line":52,"column":45},"end":{"line":52,"column":56}},"line":52}},"branchMap":{"0":{"loc":{"start":{"line":12,"column":4},"end":{"line":18,"column":5}},"type":"if","locations":[{"start":{"line":12,"column":4},"end":{"line":18,"column":5}},{"start":{"line":12,"column":4},"end":{"line":18,"column":5}}],"line":12}},"s":{"0":3,"1":0,"2":0,"3":0,"4":0,"5":0,"6":0,"7":3,"8":0,"9":3},"f":{"0":0,"1":0,"2":0},"b":{"0":[0,0]},"_coverageSchema":"1a1c01bbd47fc00a2c39e90264f33305004495a9","hash":"bbfdaa9ca34b29aca3c5830c566c16a14aad4b27"}
,"D:\\javascript\\react\\orders\\src\\app\\feature\\components\\Cart\\CartDetail.js": {"path":"D:\\javascript\\react\\orders\\src\\app\\feature\\components\\Cart\\CartDetail.js","statementMap":{"0":{"start":{"line":9,"column":16},"end":{"line":22,"column":3}},"1":{"start":{"line":10,"column":31},"end":{"line":10,"column":41}},"2":{"start":{"line":12,"column":4},"end":{"line":21,"column":5}},"3":{"start":{"line":13,"column":6},"end":{"line":13,"column":33}},"4":{"start":{"line":15,"column":6},"end":{"line":20,"column":9}},"5":{"start":{"line":24,"column":16},"end":{"line":36,"column":3}},"6":{"start":{"line":25,"column":31},"end":{"line":25,"column":41}},"7":{"start":{"line":26,"column":4},"end":{"line":35,"column":5}},"8":{"start":{"line":27,"column":6},"end":{"line":27,"column":34}},"9":{"start":{"line":29,"column":6},"end":{"line":34,"column":9}},"10":{"start":{"line":38,"column":15},"end":{"line":45,"column":3}},"11":{"start":{"line":39,"column":35},"end":{"line":39,"column":45}},"12":{"start":{"line":40,"column":4},"end":{"line":44,"column":5}},"13":{"start":{"line":41,"column":6},"end":{"line":41,"column":34}},"14":{"start":{"line":43,"column":6},"end":{"line":43,"column":44}},"15":{"start":{"line":47,"column":15},"end":{"line":50,"column":3}},"16":{"start":{"line":48,"column":27},"end":{"line":48,"column":37}},"17":{"start":{"line":49,"column":4},"end":{"line":49,"column":40}},"18":{"start":{"line":52,"column":18},"end":{"line":66,"column":3}},"19":{"start":{"line":53,"column":47},"end":{"line":53,"column":54}},"20":{"start":{"line":55,"column":15},"end":{"line":55,"column":25}},"21":{"start":{"line":56,"column":20},"end":{"line":56,"column":33}},"22":{"start":{"line":57,"column":20},"end":{"line":57,"column":21}},"23":{"start":{"line":59,"column":4},"end":{"line":61,"column":5}},"24":{"start":{"line":60,"column":6},"end":{"line":60,"column":22}},"25":{"start":{"line":63,"column":21},"end":{"line":63,"column":49}},"26":{"start":{"line":64,"column":18},"end":{"line":64,"column":45}},"27":{"start":{"line":65,"column":4},"end":{"line":65,"column":31}},"28":{"start":{"line":68,"column":16},"end":{"line":130,"column":3}},"29":{"start":{"line":69,"column":17},"end":{"line":128,"column":6}},"30":{"start":{"line":70,"column":51},"end":{"line":70,"column":55}},"31":{"start":{"line":71,"column":34},"end":{"line":71,"column":58}},"32":{"start":{"line":72,"column":6},"end":{"line":127,"column":8}},"33":{"start":{"line":83,"column":31},"end":{"line":83,"column":55}},"34":{"start":{"line":104,"column":56},"end":{"line":104,"column":78}},"35":{"start":{"line":108,"column":56},"end":{"line":108,"column":78}},"36":{"start":{"line":114,"column":56},"end":{"line":114,"column":77}},"37":{"start":{"line":129,"column":4},"end":{"line":129,"column":16}},"38":{"start":{"line":133,"column":4},"end":{"line":133,"column":37}},"39":{"start":{"line":137,"column":24},"end":{"line":137,"column":56}},"40":{"start":{"line":137,"column":45},"end":{"line":137,"column":56}}},"fnMap":{"0":{"name":"(anonymous_0)","decl":{"start":{"line":9,"column":16},"end":{"line":9,"column":17}},"loc":{"start":{"line":9,"column":29},"end":{"line":22,"column":3}},"line":9},"1":{"name":"(anonymous_1)","decl":{"start":{"line":24,"column":16},"end":{"line":24,"column":17}},"loc":{"start":{"line":24,"column":29},"end":{"line":36,"column":3}},"line":24},"2":{"name":"(anonymous_2)","decl":{"start":{"line":38,"column":15},"end":{"line":38,"column":16}},"loc":{"start":{"line":38,"column":28},"end":{"line":45,"column":3}},"line":38},"3":{"name":"(anonymous_3)","decl":{"start":{"line":47,"column":15},"end":{"line":47,"column":16}},"loc":{"start":{"line":47,"column":31},"end":{"line":50,"column":3}},"line":47},"4":{"name":"(anonymous_4)","decl":{"start":{"line":52,"column":18},"end":{"line":52,"column":19}},"loc":{"start":{"line":52,"column":31},"end":{"line":66,"column":3}},"line":52},"5":{"name":"(anonymous_5)","decl":{"start":{"line":68,"column":16},"end":{"line":68,"column":17}},"loc":{"start":{"line":68,"column":22},"end":{"line":130,"column":3}},"line":68},"6":{"name":"(anonymous_6)","decl":{"start":{"line":69,"column":38},"end":{"line":69,"column":39}},"loc":{"start":{"line":69,"column":53},"end":{"line":128,"column":5}},"line":69},"7":{"name":"(anonymous_7)","decl":{"start":{"line":83,"column":24},"end":{"line":83,"column":25}},"loc":{"start":{"line":83,"column":31},"end":{"line":83,"column":55}},"line":83},"8":{"name":"(anonymous_8)","decl":{"start":{"line":104,"column":50},"end":{"line":104,"column":51}},"loc":{"start":{"line":104,"column":56},"end":{"line":104,"column":78}},"line":104},"9":{"name":"(anonymous_9)","decl":{"start":{"line":108,"column":50},"end":{"line":108,"column":51}},"loc":{"start":{"line":108,"column":56},"end":{"line":108,"column":78}},"line":108},"10":{"name":"(anonymous_10)","decl":{"start":{"line":114,"column":50},"end":{"line":114,"column":51}},"loc":{"start":{"line":114,"column":56},"end":{"line":114,"column":77}},"line":114},"11":{"name":"(anonymous_11)","decl":{"start":{"line":132,"column":2},"end":{"line":132,"column":3}},"loc":{"start":{"line":132,"column":11},"end":{"line":134,"column":3}},"line":132},"12":{"name":"(anonymous_12)","decl":{"start":{"line":137,"column":24},"end":{"line":137,"column":25}},"loc":{"start":{"line":137,"column":45},"end":{"line":137,"column":56}},"line":137}},"branchMap":{"0":{"loc":{"start":{"line":12,"column":4},"end":{"line":21,"column":5}},"type":"if","locations":[{"start":{"line":12,"column":4},"end":{"line":21,"column":5}},{"start":{"line":12,"column":4},"end":{"line":21,"column":5}}],"line":12},"1":{"loc":{"start":{"line":26,"column":4},"end":{"line":35,"column":5}},"type":"if","locations":[{"start":{"line":26,"column":4},"end":{"line":35,"column":5}},{"start":{"line":26,"column":4},"end":{"line":35,"column":5}}],"line":26},"2":{"loc":{"start":{"line":40,"column":4},"end":{"line":44,"column":5}},"type":"if","locations":[{"start":{"line":40,"column":4},"end":{"line":44,"column":5}},{"start":{"line":40,"column":4},"end":{"line":44,"column":5}}],"line":40},"3":{"loc":{"start":{"line":40,"column":8},"end":{"line":40,"column":53}},"type":"binary-expr","locations":[{"start":{"line":40,"column":8},"end":{"line":40,"column":29}},{"start":{"line":40,"column":33},"end":{"line":40,"column":53}}],"line":40},"4":{"loc":{"start":{"line":59,"column":4},"end":{"line":61,"column":5}},"type":"if","locations":[{"start":{"line":59,"column":4},"end":{"line":61,"column":5}},{"start":{"line":59,"column":4},"end":{"line":61,"column":5}}],"line":59}},"s":{"0":0,"1":0,"2":0,"3":0,"4":0,"5":0,"6":0,"7":0,"8":0,"9":0,"10":0,"11":0,"12":0,"13":0,"14":0,"15":0,"16":0,"17":0,"18":0,"19":0,"20":0,"21":0,"22":0,"23":0,"24":0,"25":0,"26":0,"27":0,"28":0,"29":0,"30":0,"31":0,"32":0,"33":0,"34":0,"35":0,"36":0,"37":0,"38":0,"39":4,"40":0},"f":{"0":0,"1":0,"2":0,"3":0,"4":0,"5":0,"6":0,"7":0,"8":0,"9":0,"10":0,"11":0,"12":0},"b":{"0":[0,0],"1":[0,0],"2":[0,0],"3":[0,0],"4":[0,0]},"_coverageSchema":"1a1c01bbd47fc00a2c39e90264f33305004495a9","hash":"885811b17a531bceb0c076593b5cb205b515d105"}
,"D:\\javascript\\react\\orders\\src\\app\\feature\\components\\Products\\ListProducts.js": {"path":"D:\\javascript\\react\\orders\\src\\app\\feature\\components\\Products\\ListProducts.js","statementMap":{"0":{"start":{"line":11,"column":4},"end":{"line":11,"column":29}},"1":{"start":{"line":14,"column":16},"end":{"line":24,"column":3}},"2":{"start":{"line":15,"column":4},"end":{"line":17,"column":5}},"3":{"start":{"line":16,"column":6},"end":{"line":16,"column":25}},"4":{"start":{"line":19,"column":4},"end":{"line":21,"column":5}},"5":{"start":{"line":20,"column":6},"end":{"line":20,"column":51}},"6":{"start":{"line":23,"column":4},"end":{"line":23,"column":23}},"7":{"start":{"line":27,"column":4},"end":{"line":33,"column":6}},"8":{"start":{"line":37,"column":24},"end":{"line":39,"column":1}},"9":{"start":{"line":38,"column":2},"end":{"line":38,"column":33}}},"fnMap":{"0":{"name":"(anonymous_0)","decl":{"start":{"line":10,"column":2},"end":{"line":10,"column":3}},"loc":{"start":{"line":10,"column":22},"end":{"line":12,"column":3}},"line":10},"1":{"name":"(anonymous_1)","decl":{"start":{"line":14,"column":16},"end":{"line":14,"column":17}},"loc":{"start":{"line":14,"column":22},"end":{"line":24,"column":3}},"line":14},"2":{"name":"(anonymous_2)","decl":{"start":{"line":26,"column":2},"end":{"line":26,"column":3}},"loc":{"start":{"line":26,"column":11},"end":{"line":34,"column":3}},"line":26},"3":{"name":"(anonymous_3)","decl":{"start":{"line":37,"column":24},"end":{"line":37,"column":25}},"loc":{"start":{"line":37,"column":38},"end":{"line":39,"column":1}},"line":37}},"branchMap":{"0":{"loc":{"start":{"line":15,"column":4},"end":{"line":17,"column":5}},"type":"if","locations":[{"start":{"line":15,"column":4},"end":{"line":17,"column":5}},{"start":{"line":15,"column":4},"end":{"line":17,"column":5}}],"line":15},"1":{"loc":{"start":{"line":19,"column":4},"end":{"line":21,"column":5}},"type":"if","locations":[{"start":{"line":19,"column":4},"end":{"line":21,"column":5}},{"start":{"line":19,"column":4},"end":{"line":21,"column":5}}],"line":19}},"s":{"0":0,"1":0,"2":0,"3":0,"4":0,"5":0,"6":0,"7":0,"8":3,"9":0},"f":{"0":0,"1":0,"2":0,"3":0},"b":{"0":[0,0],"1":[0,0]},"_coverageSchema":"1a1c01bbd47fc00a2c39e90264f33305004495a9","hash":"71c18d8763551a5103dfc611286e6ef3944fb692"}
,"D:\\javascript\\react\\orders\\src\\app\\feature\\components\\Products\\Product.js": {"path":"D:\\javascript\\react\\orders\\src\\app\\feature\\components\\Products\\Product.js","statementMap":{"0":{"start":{"line":7,"column":22},"end":{"line":7,"column":33}},"1":{"start":{"line":10,"column":15},"end":{"line":12,"column":3}},"2":{"start":{"line":11,"column":4},"end":{"line":11,"column":34}},"3":{"start":{"line":14,"column":18},"end":{"line":29,"column":3}},"4":{"start":{"line":15,"column":21},"end":{"line":27,"column":6}},"5":{"start":{"line":16,"column":6},"end":{"line":26,"column":12}},"6":{"start":{"line":19,"column":51},"end":{"line":19,"column":75}},"7":{"start":{"line":28,"column":4},"end":{"line":28,"column":20}},"8":{"start":{"line":31,"column":4},"end":{"line":31,"column":39}},"9":{"start":{"line":35,"column":24},"end":{"line":37,"column":1}},"10":{"start":{"line":36,"column":2},"end":{"line":36,"column":41}},"11":{"start":{"line":39,"column":27},"end":{"line":41,"column":1}}},"fnMap":{"0":{"name":"(anonymous_0)","decl":{"start":{"line":10,"column":15},"end":{"line":10,"column":16}},"loc":{"start":{"line":10,"column":28},"end":{"line":12,"column":3}},"line":10},"1":{"name":"(anonymous_1)","decl":{"start":{"line":14,"column":18},"end":{"line":14,"column":19}},"loc":{"start":{"line":14,"column":24},"end":{"line":29,"column":3}},"line":14},"2":{"name":"(anonymous_2)","decl":{"start":{"line":15,"column":60},"end":{"line":15,"column":61}},"loc":{"start":{"line":16,"column":6},"end":{"line":26,"column":12}},"line":16},"3":{"name":"(anonymous_3)","decl":{"start":{"line":19,"column":45},"end":{"line":19,"column":46}},"loc":{"start":{"line":19,"column":51},"end":{"line":19,"column":75}},"line":19},"4":{"name":"(anonymous_4)","decl":{"start":{"line":30,"column":2},"end":{"line":30,"column":3}},"loc":{"start":{"line":30,"column":11},"end":{"line":32,"column":3}},"line":30},"5":{"name":"(anonymous_5)","decl":{"start":{"line":35,"column":24},"end":{"line":35,"column":25}},"loc":{"start":{"line":35,"column":61},"end":{"line":37,"column":1}},"line":35}},"branchMap":{},"s":{"0":4,"1":0,"2":0,"3":0,"4":0,"5":0,"6":0,"7":0,"8":0,"9":4,"10":0,"11":4},"f":{"0":0,"1":0,"2":0,"3":0,"4":0,"5":0},"b":{},"_coverageSchema":"1a1c01bbd47fc00a2c39e90264f33305004495a9","hash":"a71a2334dee7fb4d240bceacef6f0c7759f4976a"}
,"D:\\javascript\\react\\orders\\src\\app\\shared\\utils\\getData.js": {"path":"D:\\javascript\\react\\orders\\src\\app\\shared\\utils\\getData.js","statementMap":{"0":{"start":{"line":1,"column":16},"end":{"line":6,"column":1}},"1":{"start":{"line":2,"column":2},"end":{"line":5,"column":29}},"2":{"start":{"line":3,"column":24},"end":{"line":3,"column":39}},"3":{"start":{"line":4,"column":24},"end":{"line":4,"column":32}},"4":{"start":{"line":5,"column":22},"end":{"line":5,"column":27}}},"fnMap":{"0":{"name":"(anonymous_0)","decl":{"start":{"line":1,"column":16},"end":{"line":1,"column":17}},"loc":{"start":{"line":1,"column":25},"end":{"line":6,"column":1}},"line":1},"1":{"name":"(anonymous_1)","decl":{"start":{"line":3,"column":10},"end":{"line":3,"column":11}},"loc":{"start":{"line":3,"column":24},"end":{"line":3,"column":39}},"line":3},"2":{"name":"(anonymous_2)","decl":{"start":{"line":4,"column":10},"end":{"line":4,"column":11}},"loc":{"start":{"line":4,"column":24},"end":{"line":4,"column":32}},"line":4},"3":{"name":"(anonymous_3)","decl":{"start":{"line":5,"column":11},"end":{"line":5,"column":12}},"loc":{"start":{"line":5,"column":22},"end":{"line":5,"column":27}},"line":5}},"branchMap":{},"s":{"0":1,"1":1,"2":1,"3":1,"4":0},"f":{"0":1,"1":1,"2":1,"3":0},"b":{},"_coverageSchema":"1a1c01bbd47fc00a2c39e90264f33305004495a9","hash":"8dca32bd2a0637eb16d4d555c2cd9ff4d9455f6e"}
}
