TN:
SF:src\app\App.js
FN:6,App
FNF:1
FNH:0
FNDA:0,App
DA:7,0
LF:1
LH:0
BRF:0
BRH:0
end_of_record
TN:
SF:src\app\core\config\axios\axios.js
FNF:0
FNH:0
DA:3,9
LF:1
LH:1
BRF:0
BRH:0
end_of_record
TN:
SF:src\app\core\redux\cart\actions\cartActions.js
FN:13,(anonymous_0)
FN:13,(anonymous_1)
FN:24,(anonymous_2)
FN:24,(anonymous_3)
FN:30,(anonymous_4)
FN:42,(anonymous_5)
FN:42,(anonymous_6)
FN:47,(anonymous_7)
FN:56,(anonymous_8)
FN:56,(anonymous_9)
FN:65,(anonymous_10)
FN:65,(anonymous_11)
FN:73,(anonymous_12)
FN:102,(anonymous_13)
FN:102,(anonymous_14)
FNF:15
FNH:8
FNDA:3,(anonymous_0)
FNDA:3,(anonymous_1)
FNDA:2,(anonymous_2)
FNDA:2,(anonymous_3)
FNDA:0,(anonymous_4)
FNDA:1,(anonymous_5)
FNDA:1,(anonymous_6)
FNDA:0,(anonymous_7)
FNDA:2,(anonymous_8)
FNDA:2,(anonymous_9)
FNDA:0,(anonymous_10)
FNDA:0,(anonymous_11)
FNDA:0,(anonymous_12)
FNDA:0,(anonymous_13)
FNDA:0,(anonymous_14)
DA:13,8
DA:14,3
DA:15,3
DA:16,3
DA:17,3
DA:24,8
DA:25,2
DA:26,2
DA:27,0
DA:29,0
DA:31,0
DA:35,0
DA:42,8
DA:43,1
DA:44,1
DA:45,0
DA:46,0
DA:47,0
DA:49,0
DA:56,8
DA:57,2
DA:58,2
DA:65,8
DA:66,0
DA:67,0
DA:69,0
DA:73,0
DA:78,0
DA:79,0
DA:83,0
DA:84,0
DA:85,0
DA:89,0
DA:95,0
DA:102,8
DA:103,0
DA:104,0
LF:37
LH:16
BRDA:31,0,0,0
BRDA:31,0,1,0
BRDA:47,1,0,0
BRDA:47,1,1,0
BRDA:84,2,0,0
BRDA:84,2,1,0
BRF:6
BRH:0
end_of_record
TN:
SF:src\app\core\redux\cart\reducers\cartReducer.js
FN:21,(anonymous_0)
FN:26,(anonymous_1)
FNF:2
FNH:1
FNDA:32,(anonymous_0)
FNDA:0,(anonymous_1)
DA:12,11
DA:22,32
DA:24,0
DA:26,0
DA:29,1
DA:36,0
DA:42,0
DA:47,0
DA:55,0
DA:64,0
DA:71,31
LF:11
LH:4
BRDA:21,0,0,30
BRDA:22,1,0,0
BRDA:22,1,1,1
BRDA:22,1,2,0
BRDA:22,1,3,0
BRDA:22,1,4,0
BRDA:22,1,5,0
BRDA:22,1,6,0
BRDA:22,1,7,0
BRDA:22,1,8,31
BRF:10
BRH:3
end_of_record
TN:
SF:src\app\core\redux\product\actions\productActions.js
FN:4,(anonymous_0)
FN:4,(anonymous_1)
FNF:2
FNH:2
FNDA:1,(anonymous_0)
FNDA:1,(anonymous_1)
DA:4,4
DA:5,1
DA:8,1
DA:9,1
DA:12,0
DA:17,0
LF:6
LH:4
BRF:0
BRH:0
end_of_record
TN:
SF:src\app\core\redux\product\reducers\productReducer.js
FN:10,(anonymous_0)
FNF:1
FNH:1
FNDA:30,(anonymous_0)
DA:3,10
DA:11,30
DA:13,0
DA:20,0
DA:25,0
DA:32,30
LF:6
LH:3
BRDA:10,0,0,30
BRDA:11,1,0,0
BRDA:11,1,1,0
BRDA:11,1,2,0
BRDA:11,1,3,30
BRF:5
BRH:2
end_of_record
TN:
SF:src\app\feature\components\Cart\Cart.js
FN:10,(anonymous_0)
FN:23,(anonymous_1)
FN:52,(anonymous_2)
FNF:3
FNH:0
FNDA:0,(anonymous_0)
FNDA:0,(anonymous_1)
FNDA:0,(anonymous_2)
DA:7,3
DA:10,0
DA:11,0
DA:12,0
DA:13,0
DA:20,0
DA:24,0
DA:52,3
DA:54,3
LF:9
LH:3
BRDA:12,0,0,0
BRDA:12,0,1,0
BRF:2
BRH:0
end_of_record
TN:
SF:src\app\feature\components\Cart\CartDetail.js
FN:9,(anonymous_0)
FN:24,(anonymous_1)
FN:38,(anonymous_2)
FN:47,(anonymous_3)
FN:52,(anonymous_4)
FN:68,(anonymous_5)
FN:69,(anonymous_6)
FN:83,(anonymous_7)
FN:104,(anonymous_8)
FN:108,(anonymous_9)
FN:114,(anonymous_10)
FN:132,(anonymous_11)
FN:137,(anonymous_12)
FNF:13
FNH:0
FNDA:0,(anonymous_0)
FNDA:0,(anonymous_1)
FNDA:0,(anonymous_2)
FNDA:0,(anonymous_3)
FNDA:0,(anonymous_4)
FNDA:0,(anonymous_5)
FNDA:0,(anonymous_6)
FNDA:0,(anonymous_7)
FNDA:0,(anonymous_8)
FNDA:0,(anonymous_9)
FNDA:0,(anonymous_10)
FNDA:0,(anonymous_11)
FNDA:0,(anonymous_12)
DA:9,0
DA:10,0
DA:12,0
DA:13,0
DA:15,0
DA:24,0
DA:25,0
DA:26,0
DA:27,0
DA:29,0
DA:38,0
DA:39,0
DA:40,0
DA:41,0
DA:43,0
DA:47,0
DA:48,0
DA:49,0
DA:52,0
DA:53,0
DA:55,0
DA:56,0
DA:57,0
DA:59,0
DA:60,0
DA:63,0
DA:64,0
DA:65,0
DA:68,0
DA:69,0
DA:70,0
DA:71,0
DA:72,0
DA:83,0
DA:104,0
DA:108,0
DA:114,0
DA:129,0
DA:133,0
DA:137,4
LF:40
LH:1
BRDA:12,0,0,0
BRDA:12,0,1,0
BRDA:26,1,0,0
BRDA:26,1,1,0
BRDA:40,2,0,0
BRDA:40,2,1,0
BRDA:40,3,0,0
BRDA:40,3,1,0
BRDA:59,4,0,0
BRDA:59,4,1,0
BRF:10
BRH:0
end_of_record
TN:
SF:src\app\feature\components\Products\ListProducts.js
FN:10,(anonymous_0)
FN:14,(anonymous_1)
FN:26,(anonymous_2)
FN:37,(anonymous_3)
FNF:4
FNH:0
FNDA:0,(anonymous_0)
FNDA:0,(anonymous_1)
FNDA:0,(anonymous_2)
FNDA:0,(anonymous_3)
DA:11,0
DA:14,0
DA:15,0
DA:16,0
DA:19,0
DA:20,0
DA:23,0
DA:27,0
DA:37,3
DA:38,0
LF:10
LH:1
BRDA:15,0,0,0
BRDA:15,0,1,0
BRDA:19,1,0,0
BRDA:19,1,1,0
BRF:4
BRH:0
end_of_record
TN:
SF:src\app\feature\components\Products\Product.js
FN:10,(anonymous_0)
FN:14,(anonymous_1)
FN:15,(anonymous_2)
FN:19,(anonymous_3)
FN:30,(anonymous_4)
FN:35,(anonymous_5)
FNF:6
FNH:0
FNDA:0,(anonymous_0)
FNDA:0,(anonymous_1)
FNDA:0,(anonymous_2)
FNDA:0,(anonymous_3)
FNDA:0,(anonymous_4)
FNDA:0,(anonymous_5)
DA:7,4
DA:10,0
DA:11,0
DA:14,0
DA:15,0
DA:16,0
DA:19,0
DA:28,0
DA:31,0
DA:35,4
DA:36,0
DA:39,4
LF:12
LH:3
BRF:0
BRH:0
end_of_record
TN:
SF:src\app\shared\utils\getData.js
FN:1,(anonymous_0)
FN:3,(anonymous_1)
FN:4,(anonymous_2)
FN:5,(anonymous_3)
FNF:4
FNH:3
FNDA:1,(anonymous_0)
FNDA:1,(anonymous_1)
FNDA:1,(anonymous_2)
FNDA:0,(anonymous_3)
DA:1,1
DA:2,1
DA:3,1
DA:4,1
DA:5,0
LF:5
LH:4
BRF:0
BRH:0
end_of_record
